###############################################################################
#
# IAR ANSI C/C++ Compiler V7.30.1.7746/W32 for ARM        24/Nov/2014  00:05:29
# Copyright 1999-2014 IAR Systems AB.
#
#    Cpu mode     =  thumb
#    Endian       =  little
#    Source file  =  
#        C:\Users\Hans
#        Susilo\oridisplay2\Projects\Demonstration\Core\Test_Program\frame_view.c
#    Command line =  
#        "C:\Users\Hans
#        Susilo\oridisplay2\Projects\Demonstration\Core\Test_Program\frame_view.c"
#        -D USE_STDPERIPH_DRIVER -D STM32F429_439xx -D USE_STM32F429I_DISCO -D
#        USE_USB_OTG_HS -D USE_EMBEDDED_PHY -lcN "C:\Users\Hans
#        Susilo\oridisplay2\Projects\Demonstration\EWARM\STM32F429I-Discovery_Demo\List\"
#        --diag_suppress Pe111,Pa082 -o "C:\Users\Hans
#        Susilo\oridisplay2\Projects\Demonstration\EWARM\STM32F429I-Discovery_Demo\Obj\"
#        --debug --endian=little --cpu=Cortex-M4F -e --fpu=VFPv4_sp
#        --dlib_config "C:\Program Files (x86)\IAR Systems\Embedded Workbench
#        7.0\arm\INC\c\DLib_Config_Full.h" -I "C:\Users\Hans
#        Susilo\oridisplay2\Projects\Demonstration\EWARM\..\Config\" -I
#        "C:\Users\Hans
#        Susilo\oridisplay2\Projects\Demonstration\EWARM\..\Core\Devices\STM32F4xx\"
#        -I "C:\Users\Hans
#        Susilo\oridisplay2\Projects\Demonstration\EWARM\..\Core\User\" -I
#        "C:\Users\Hans
#        Susilo\oridisplay2\Projects\Demonstration\EWARM\..\Core\Demo\" -I
#        "C:\Users\Hans
#        Susilo\oridisplay2\Projects\Demonstration\EWARM\..\Core\Lib\" -I
#        "C:\Users\Hans
#        Susilo\oridisplay2\Projects\Demonstration\EWARM\..\Core\Test_Program\"
#        -I "C:\Users\Hans
#        Susilo\oridisplay2\Projects\Demonstration\EWARM\..\..\..\Libraries\STM32_USB_HOST_Library\Core\inc\"
#        -I "C:\Users\Hans
#        Susilo\oridisplay2\Projects\Demonstration\EWARM\..\..\..\Libraries\STM32_USB_HOST_Library\Class\MSC\inc\"
#        -I "C:\Users\Hans
#        Susilo\oridisplay2\Projects\Demonstration\EWARM\..\..\..\Libraries\STM32_USB_Device_Library\Core\inc\"
#        -I "C:\Users\Hans
#        Susilo\oridisplay2\Projects\Demonstration\EWARM\..\..\..\Libraries\STM32_USB_Device_Library\Class\MSC\inc\"
#        -I "C:\Users\Hans
#        Susilo\oridisplay2\Projects\Demonstration\EWARM\..\..\..\Libraries\STM32_USB_Device_Library\Class\HID\inc\"
#        -I "C:\Users\Hans
#        Susilo\oridisplay2\Projects\Demonstration\EWARM\..\..\..\Libraries\STM32_USB_Device_Library\Class\Audio\inc\"
#        -I "C:\Users\Hans
#        Susilo\oridisplay2\Projects\Demonstration\EWARM\..\..\..\Libraries\STM32_USB_OTG_Driver\inc\"
#        -I "C:\Users\Hans
#        Susilo\oridisplay2\Projects\Demonstration\EWARM\..\..\..\Libraries\STM32F4xx_StdPeriph_Driver\inc\"
#        -I "C:\Users\Hans
#        Susilo\oridisplay2\Projects\Demonstration\EWARM\..\..\..\Libraries\CMSIS\Device\ST\STM32F4xx\Include\"
#        -I "C:\Users\Hans
#        Susilo\oridisplay2\Projects\Demonstration\EWARM\..\..\..\Utilities\"
#        -I "C:\Users\Hans
#        Susilo\oridisplay2\Projects\Demonstration\EWARM\..\..\..\Utilities\Common\"
#        -I "C:\Users\Hans
#        Susilo\oridisplay2\Projects\Demonstration\EWARM\..\..\..\Utilities\STM32F429i-Discovery\"
#        -I "C:\Users\Hans
#        Susilo\oridisplay2\Projects\Demonstration\EWARM\..\..\..\Utilities\Third_Party\fat_fs\inc\"
#        -I "C:\Users\Hans
#        Susilo\oridisplay2\Projects\Demonstration\EWARM\..\..\..\Utilities\Third_Party\FreeRTOS\Source\portable\IAR\ARM_CM4F\"
#        -I "C:\Users\Hans
#        Susilo\oridisplay2\Projects\Demonstration\EWARM\..\..\..\Utilities\Third_Party\FreeRTOS\Source\include\"
#        -I "C:\Users\Hans
#        Susilo\oridisplay2\Projects\Demonstration\EWARM\..\..\..\Libraries\STemWinLibrary522_4x9i\inc\"
#        -I "C:\Users\Hans
#        Susilo\oridisplay2\Projects\Demonstration\EWARM\..\..\..\Libraries\STemWinLibrary522_4x9i\Config\"
#        -Ohs --use_c++_inline -I "C:\Program Files (x86)\IAR Systems\Embedded
#        Workbench 7.0\arm\CMSIS\Include\"
#    List file    =  
#        C:\Users\Hans
#        Susilo\oridisplay2\Projects\Demonstration\EWARM\STM32F429I-Discovery_Demo\List\frame_view.lst
#    Object file  =  
#        C:\Users\Hans
#        Susilo\oridisplay2\Projects\Demonstration\EWARM\STM32F429I-Discovery_Demo\Obj\frame_view.o
#
###############################################################################

C:\Users\Hans Susilo\oridisplay2\Projects\Demonstration\Core\Test_Program\frame_view.c
      1          #include "frame_view.h"
      2          // #include "image.h"
      3          #include "DIALOG.h"
      4          
      5          static sFONT *LCD_Currentfonts;
      6          
      7          void draw_view(void)
      8          {
      9            /* Configure system clock (SYSCLK) to 180 MHz, at this stage the USB is not used.
     10               Please note that the USB is not functional if the system clock is set to 180 MHz. */
     11            // SetSYSCLK_180();
     12          
     13            /* Reconfigure the SysTick following SYSCLK frequency change */
     14            if (SysTick_Config(SystemCoreClock / 1000))
     15            { 
     16              /* Capture error */ 
     17              while (1);
     18            }
     19             
     20            /* Initialize LEDs, User Button and LCD on STM32F429I-Disco */
     21            // STM_EVAL_LEDInit(LED3);
     22            // STM_EVAL_LEDInit(LED4);
     23            // STM_EVAL_PBInit(BUTTON_USER, BUTTON_MODE_EXTI); 
     24            
     25            /* Display message on LCD */ 
     26            
     27            // LowLevel_Init();
     28            
     29            LCD_Init();
     30            LCD_LayerInit();
     31            
     32            // LTDC reload configuration
     33            LTDC_ReloadConfig(LTDC_IMReload);
     34            
     35            // Enable the LTDC 
     36            LTDC_Cmd(ENABLE);
     37            
     38            // LCD display message 
     39            LCD_Clear(LCD_COLOR_BLACK);
     40            // LCD_SetTextColor(LCD_COLOR_BLACK); 
     41            // LCD_DisplayStringLine(LCD_LINE_3,(uint8_t*)"    V1.0.1     ");
     42            // LCD_DisplayStringLine(LCD_LINE_5,(uint8_t*)"      PUSH     ");
     43            // LCD_DisplayStringLine(LCD_LINE_7,(uint8_t*)"  USER BUTTON  ");
     44            // LCD_DisplayStringLine(LCD_LINE_9,(uint8_t*)"    TO START   ");
     45            
     46              
     47            /* Wait for User button to be pressed */
     48            //while (STM_EVAL_PBGetState(BUTTON_USER) != Bit_SET)
     49            
     50            LCD_SetLayer(LCD_FOREGROUND_LAYER);
     51          
     52          
     53            LCD_SetTextColor(0xFFFF);
     54            LCD_DrawFullCircle(120, 180, 2);
     55          
     56            LCD_SetTextColor(0x632c);
     57            LCD_DrawCircle(120, 180, 20);
     58            LCD_DrawCircle(120, 180, 60);
     59            LCD_DrawCircle(120, 180, 100);
     60               
     61            LCD_SetTextColor(0xe8ec * 6/5);
     62            LCD_DrawFullCircle(100, 60, 21);
     63            LCD_SetTextColor(0xe8ec);
     64            LCD_DrawFullCircle(100, 60, 20);
     65          
     66            LCD_SetFont(&Avenir);
     67            LCD_SetTextColor(0xFFFF);
     68            LCD_Currentfonts = &Avenir;
     69            LCD_DrawChar(50,85,&LCD_Currentfonts->table[18 * LCD_Currentfonts->Height]); // 50
     70            LCD_DrawChar(50,100,&LCD_Currentfonts->table[17 * LCD_Currentfonts->Height]);
     71            LCD_DrawChar(50,115,&LCD_Currentfonts->table[16 * LCD_Currentfonts->Height]);
     72            LCD_DrawChar(50,130,&LCD_Currentfonts->table[15 * LCD_Currentfonts->Height]);
     73            LCD_DrawChar(50,145,&LCD_Currentfonts->table[12 * LCD_Currentfonts->Height]);
     74          
     75            //LCD_DrawChar(50,101,&LCD_Currentfonts->table[2 * LCD_Currentfonts->Height]); // 38
     76          
     77            
     78            while(1)
     79            {}
     80          }

   Maximum stack usage in bytes:

   .cstack Function
   ------- --------
      16   draw_view
        16   -> LCD_Clear
        16   -> LCD_DrawChar
        16   -> LCD_DrawCircle
        16   -> LCD_DrawFullCircle
        16   -> LCD_Init
        16   -> LCD_LayerInit
        16   -> LCD_SetFont
        16   -> LCD_SetLayer
        16   -> LCD_SetTextColor
        16   -> LTDC_Cmd
        16   -> LTDC_ReloadConfig


   Section sizes:

   Bytes  Function/Label
   -----  --------------
       4  LCD_Currentfonts
     312  draw_view

 
   4 bytes in section .bss
 312 bytes in section .text
 
 312 bytes of CODE memory
   4 bytes of DATA memory

Errors: none
Warnings: 1
